<?xml version="1.0" encoding="UTF-8"?>
<!-- Generated by org.testng.reporters.JUnitXMLReporter -->
<testsuite ignored="0" hostname="DESKTOP-48Q58V6" failures="1" tests="2" name="EdgeTest" time="51.254" errors="0" timestamp="2024-04-08T20:49:48 IST">
  <testcase classname="testCases.TC001_LoginVerification" name="login" time="0.101">
    <failure type="java.lang.AssertionError" message="null">
      <![CDATA[java.lang.AssertionError: null
at testCases.TC001_LoginVerification.login(TC001_LoginVerification.java:39)
at java.base/java.util.ArrayList.forEach(ArrayList.java:1511)
... Removed 29 stack frames]]>
    </failure>
  </testcase> <!-- login -->
  <testcase classname="testCases.TC002_ValidateUserDesignation" name="updateProfile" time="21.531"/>
</testsuite> <!-- EdgeTest -->
