<?xml version="1.0" encoding="UTF-8"?>
<!-- Generated by org.testng.reporters.JUnitXMLReporter -->
<testsuite ignored="0" hostname="DESKTOP-48Q58V6" failures="0" tests="2" name="EdgeTest" time="0.047" errors="0" timestamp="2024-04-08T22:38:13 IST">
  <testcase classname="testCases.TC001_LoginVerification" name="login" time="0.001">
    <skipped/>
  </testcase> <!-- login -->
  <testcase classname="testCases.TC002_ValidateUserDesignation" name="updateProfile" time="0.0">
    <skipped/>
  </testcase> <!-- updateProfile -->
</testsuite> <!-- EdgeTest -->
