<?xml version="1.0" encoding="UTF-8"?>
<!-- Generated by org.testng.reporters.JUnitXMLReporter -->
<testsuite ignored="1" hostname="DESKTOP-48Q58V6" failures="0" tests="2" name="Test" time="66.223" errors="0" timestamp="2024-04-11T13:15:05 IST">
  <testcase classname="testCases.TC001_LoginVerification" name="login" time="22.669"/>
  <testcase classname="testCases.TC002_ValidateUserDesignation" name="updateProfile" time="21.068"/>
  <testcase classname="testCases.TC003_LoginVerifyInvalidcred" name="invalidLogin" time="0.0">
    <ignored/>
  </testcase> <!-- invalidLogin -->
</testsuite> <!-- Test -->
