<?xml version="1.0" encoding="UTF-8"?>
<testng-results ignored="0" total="2" passed="2" failed="0" skipped="0">
  <reporter-output>
  </reporter-output>
  <suite started-at="2024-04-11T13:13:57 IST" name="Suite" finished-at="2024-04-11T13:15:03 IST" duration-ms="66223">
    <groups>
      <group name="sanity">
        <method signature="TC001_LoginVerification.login()[pri:0, instance:testCases.TC001_LoginVerification@52e6fdee]" name="login" class="testCases.TC001_LoginVerification"/>
        <method signature="TC002_ValidateUserDesignation.updateProfile()[pri:0, instance:testCases.TC002_ValidateUserDesignation@6c80d78a]" name="updateProfile" class="testCases.TC002_ValidateUserDesignation"/>
      </group> <!-- sanity -->
    </groups>
    <test started-at="2024-04-11T13:13:57 IST" name="Test" finished-at="2024-04-11T13:15:03 IST" duration-ms="66223">
      <class name="testCases.TC002_ValidateUserDesignation">
        <test-method is-config="true" signature="setup(java.lang.String,java.lang.String)[pri:0, instance:testCases.TC002_ValidateUserDesignation@6c80d78a]" started-at="2024-04-11T13:14:32 IST" name="setup" finished-at="2024-04-11T13:14:42 IST" duration-ms="9606" status="PASS">
          <params>
            <param index="0">
              <value>
                <![CDATA[Windows]]>
              </value>
            </param>
            <param index="1">
              <value>
                <![CDATA[chrome]]>
              </value>
            </param>
          </params>
          <reporter-output>
          </reporter-output>
        </test-method> <!-- setup -->
        <test-method signature="updateProfile()[pri:0, instance:testCases.TC002_ValidateUserDesignation@6c80d78a]" started-at="2024-04-11T13:14:42 IST" name="updateProfile" finished-at="2024-04-11T13:15:03 IST" duration-ms="21068" status="PASS">
          <reporter-output>
          </reporter-output>
        </test-method> <!-- updateProfile -->
        <test-method is-config="true" signature="teardown()[pri:0, instance:testCases.TC002_ValidateUserDesignation@6c80d78a]" started-at="2024-04-11T13:15:03 IST" name="teardown" finished-at="2024-04-11T13:15:03 IST" duration-ms="349" status="PASS">
          <reporter-output>
          </reporter-output>
        </test-method> <!-- teardown -->
      </class> <!-- testCases.TC002_ValidateUserDesignation -->
      <class name="testCases.TC001_LoginVerification">
        <test-method is-config="true" signature="setup(java.lang.String,java.lang.String)[pri:0, instance:testCases.TC001_LoginVerification@52e6fdee]" started-at="2024-04-11T13:13:58 IST" name="setup" finished-at="2024-04-11T13:14:09 IST" duration-ms="11711" status="PASS">
          <params>
            <param index="0">
              <value>
                <![CDATA[Windows]]>
              </value>
            </param>
            <param index="1">
              <value>
                <![CDATA[chrome]]>
              </value>
            </param>
          </params>
          <reporter-output>
          </reporter-output>
        </test-method> <!-- setup -->
        <test-method signature="login()[pri:0, instance:testCases.TC001_LoginVerification@52e6fdee]" started-at="2024-04-11T13:14:09 IST" name="login" finished-at="2024-04-11T13:14:32 IST" duration-ms="22669" status="PASS">
          <reporter-output>
          </reporter-output>
        </test-method> <!-- login -->
        <test-method is-config="true" signature="teardown()[pri:0, instance:testCases.TC001_LoginVerification@52e6fdee]" started-at="2024-04-11T13:14:32 IST" name="teardown" finished-at="2024-04-11T13:14:32 IST" duration-ms="313" status="PASS">
          <reporter-output>
          </reporter-output>
        </test-method> <!-- teardown -->
      </class> <!-- testCases.TC001_LoginVerification -->
    </test> <!-- Test -->
  </suite> <!-- Suite -->
</testng-results>
