<?xml version="1.0" encoding="UTF-8"?>
<testsuite xmlns:xsi="http://www.w3.org/2001/XMLSchema-instance" xsi:noNamespaceSchemaLocation="https://maven.apache.org/surefire/maven-surefire-plugin/xsd/surefire-test-report-3.0.xsd" version="3.0" name="TestSuite" time="68.922" tests="2" errors="0" skipped="0" failures="0">
  <properties>
[...]
</properties>
  <testcase name="login" classname="testCases.TC001_LoginVerification" time="22.71">
    <system-out><![CDATA[13:14:09.781 [main] INFO  testCases.TC001_LoginVerification - Test case for valid credentials
13:14:09.991 [main] INFO  testCases.TC001_LoginVerification - Added Username
13:14:10.172 [main] INFO  testCases.TC001_LoginVerification - Added Password
13:14:23.771 [main] INFO  testCases.TC001_LoginVerification - Clicked on the login button
13:14:23.827 [main] INFO  testCases.TC001_LoginVerification - Text Validated
13:14:32.438 [main] INFO  testCases.TC001_LoginVerification - Logged out of the application
13:14:32.438 [main] INFO  testCases.TC001_LoginVerification - Test case executed
]]></system-out>
    <system-err><![CDATA[SLF4J: Failed to load class "org.slf4j.impl.StaticLoggerBinder".
SLF4J: Defaulting to no-operation (NOP) logger implementation
SLF4J: See http://www.slf4j.org/codes.html#StaticLoggerBinder for further details.
Apr 11, 2024 1:14:01 PM org.openqa.selenium.devtools.CdpVersionFinder findNearestMatch
WARNING: Unable to find an exact match for CDP version 123, returning the closest version; found: 122; Please update to a Selenium version that supports CDP version 123
]]></system-err>
  </testcase>
  <testcase name="updateProfile" classname="testCases.TC002_ValidateUserDesignation" time="21.082">
    <system-out><![CDATA[13:14:42.413 [main] INFO  testCases.TC002_ValidateUserDesignation - Test case for Validating User Designation
13:14:42.651 [main] INFO  testCases.TC002_ValidateUserDesignation - Added Username
13:14:42.884 [main] INFO  testCases.TC002_ValidateUserDesignation - Added Password
13:14:55.033 [main] INFO  testCases.TC002_ValidateUserDesignation - Click on login
13:14:55.116 [main] INFO  testCases.TC002_ValidateUserDesignation - Designation is validated
13:15:03.475 [main] INFO  testCases.TC002_ValidateUserDesignation - Logged out of the application
13:15:03.476 [main] INFO  testCases.TC002_ValidateUserDesignation - Test case Executed
]]></system-out>
    <system-err><![CDATA[Apr 11, 2024 1:14:34 PM org.openqa.selenium.devtools.CdpVersionFinder findNearestMatch
WARNING: Unable to find an exact match for CDP version 123, returning the closest version; found: 122; Please update to a Selenium version that supports CDP version 123
]]></system-err>
  </testcase>
</testsuite>