<?xml version="1.0" encoding="UTF-8"?>
<testng-results ignored="0" total="2" passed="2" failed="0" skipped="0">
  <reporter-output>
  </reporter-output>
  <suite started-at="2024-04-10T18:51:32 IST" name="Suite" finished-at="2024-04-10T18:53:43 IST" duration-ms="131287">
    <groups>
      <group name="sanity">
        <method signature="TC001_LoginVerification.login()[pri:0, instance:testCases.TC001_LoginVerification@13c9d689]" name="login" class="testCases.TC001_LoginVerification"/>
        <method signature="TC002_ValidateUserDesignation.updateProfile()[pri:0, instance:testCases.TC002_ValidateUserDesignation@3754a4bf]" name="updateProfile" class="testCases.TC002_ValidateUserDesignation"/>
      </group> <!-- sanity -->
    </groups>
    <test started-at="2024-04-10T18:51:32 IST" name="Test" finished-at="2024-04-10T18:53:43 IST" duration-ms="131287">
      <class name="testCases.TC002_ValidateUserDesignation">
        <test-method is-config="true" signature="setup(java.lang.String,java.lang.String)[pri:0, instance:testCases.TC002_ValidateUserDesignation@3754a4bf]" started-at="2024-04-10T18:52:39 IST" name="setup" finished-at="2024-04-10T18:52:56 IST" duration-ms="16986" status="PASS">
          <params>
            <param index="0">
              <value>
                <![CDATA[Windows]]>
              </value>
            </param>
            <param index="1">
              <value>
                <![CDATA[chrome]]>
              </value>
            </param>
          </params>
          <reporter-output>
          </reporter-output>
        </test-method> <!-- setup -->
        <test-method signature="updateProfile()[pri:0, instance:testCases.TC002_ValidateUserDesignation@3754a4bf]" started-at="2024-04-10T18:52:56 IST" name="updateProfile" finished-at="2024-04-10T18:53:43 IST" duration-ms="46538" status="PASS">
          <reporter-output>
          </reporter-output>
        </test-method> <!-- updateProfile -->
        <test-method is-config="true" signature="teardown()[pri:0, instance:testCases.TC002_ValidateUserDesignation@3754a4bf]" started-at="2024-04-10T18:53:43 IST" name="teardown" finished-at="2024-04-10T18:53:43 IST" duration-ms="357" status="PASS">
          <reporter-output>
          </reporter-output>
        </test-method> <!-- teardown -->
      </class> <!-- testCases.TC002_ValidateUserDesignation -->
      <class name="testCases.TC001_LoginVerification">
        <test-method is-config="true" signature="setup(java.lang.String,java.lang.String)[pri:0, instance:testCases.TC001_LoginVerification@13c9d689]" started-at="2024-04-10T18:51:32 IST" name="setup" finished-at="2024-04-10T18:51:50 IST" duration-ms="18155" status="PASS">
          <params>
            <param index="0">
              <value>
                <![CDATA[Windows]]>
              </value>
            </param>
            <param index="1">
              <value>
                <![CDATA[chrome]]>
              </value>
            </param>
          </params>
          <reporter-output>
          </reporter-output>
        </test-method> <!-- setup -->
        <test-method signature="login()[pri:0, instance:testCases.TC001_LoginVerification@13c9d689]" started-at="2024-04-10T18:51:50 IST" name="login" finished-at="2024-04-10T18:52:39 IST" duration-ms="48241" status="PASS">
          <reporter-output>
          </reporter-output>
        </test-method> <!-- login -->
        <test-method is-config="true" signature="teardown()[pri:0, instance:testCases.TC001_LoginVerification@13c9d689]" started-at="2024-04-10T18:52:39 IST" name="teardown" finished-at="2024-04-10T18:52:39 IST" duration-ms="451" status="PASS">
          <reporter-output>
          </reporter-output>
        </test-method> <!-- teardown -->
      </class> <!-- testCases.TC001_LoginVerification -->
    </test> <!-- Test -->
  </suite> <!-- Suite -->
</testng-results>
