<?xml version="1.0" encoding="UTF-8"?>
<testng-results ignored="0" total="4" passed="4" failed="0" skipped="0">
  <reporter-output>
  </reporter-output>
  <suite started-at="2024-04-11T12:36:09 IST" name="Failed suite [Suite]" finished-at="2024-04-11T12:38:43 IST" duration-ms="154024">
    <groups>
      <group name="sanity">
        <method signature="TC001_LoginVerification.login()[pri:0, instance:testCases.TC001_LoginVerification@3590fc5b]" name="login" class="testCases.TC001_LoginVerification"/>
        <method signature="TC002_ValidateUserDesignation.updateProfile()[pri:0, instance:testCases.TC002_ValidateUserDesignation@618b19ad]" name="updateProfile" class="testCases.TC002_ValidateUserDesignation"/>
        <method signature="TC001_LoginVerification.login()[pri:0, instance:testCases.TC001_LoginVerification@229f66ed]" name="login" class="testCases.TC001_LoginVerification"/>
        <method signature="TC002_ValidateUserDesignation.updateProfile()[pri:0, instance:testCases.TC002_ValidateUserDesignation@31190526]" name="updateProfile" class="testCases.TC002_ValidateUserDesignation"/>
      </group> <!-- sanity -->
    </groups>
    <test started-at="2024-04-11T12:36:09 IST" name="Testchrome(failed)" finished-at="2024-04-11T12:37:24 IST" duration-ms="74877">
      <class name="testCases.TC002_ValidateUserDesignation">
        <test-method is-config="true" signature="setup(java.lang.String,java.lang.String)[pri:0, instance:testCases.TC002_ValidateUserDesignation@618b19ad]" started-at="2024-04-11T12:36:50 IST" name="setup" finished-at="2024-04-11T12:36:59 IST" duration-ms="9166" status="PASS">
          <params>
            <param index="0">
              <value>
                <![CDATA[Windows]]>
              </value>
            </param>
            <param index="1">
              <value>
                <![CDATA[chrome]]>
              </value>
            </param>
          </params>
          <reporter-output>
          </reporter-output>
        </test-method> <!-- setup -->
        <test-method signature="updateProfile()[pri:0, instance:testCases.TC002_ValidateUserDesignation@618b19ad]" started-at="2024-04-11T12:36:59 IST" name="updateProfile" finished-at="2024-04-11T12:37:24 IST" duration-ms="25171" status="PASS">
          <reporter-output>
          </reporter-output>
        </test-method> <!-- updateProfile -->
        <test-method is-config="true" signature="teardown()[pri:0, instance:testCases.TC002_ValidateUserDesignation@618b19ad]" started-at="2024-04-11T12:37:24 IST" name="teardown" finished-at="2024-04-11T12:37:24 IST" duration-ms="395" status="PASS">
          <reporter-output>
          </reporter-output>
        </test-method> <!-- teardown -->
      </class> <!-- testCases.TC002_ValidateUserDesignation -->
      <class name="testCases.TC001_LoginVerification">
        <test-method is-config="true" signature="setup(java.lang.String,java.lang.String)[pri:0, instance:testCases.TC001_LoginVerification@3590fc5b]" started-at="2024-04-11T12:36:09 IST" name="setup" finished-at="2024-04-11T12:36:27 IST" duration-ms="17792" status="PASS">
          <params>
            <param index="0">
              <value>
                <![CDATA[Windows]]>
              </value>
            </param>
            <param index="1">
              <value>
                <![CDATA[chrome]]>
              </value>
            </param>
          </params>
          <reporter-output>
          </reporter-output>
        </test-method> <!-- setup -->
        <test-method signature="login()[pri:0, instance:testCases.TC001_LoginVerification@3590fc5b]" started-at="2024-04-11T12:36:27 IST" name="login" finished-at="2024-04-11T12:36:49 IST" duration-ms="21587" status="PASS">
          <reporter-output>
          </reporter-output>
        </test-method> <!-- login -->
        <test-method is-config="true" signature="teardown()[pri:0, instance:testCases.TC001_LoginVerification@3590fc5b]" started-at="2024-04-11T12:36:49 IST" name="teardown" finished-at="2024-04-11T12:36:50 IST" duration-ms="628" status="PASS">
          <reporter-output>
          </reporter-output>
        </test-method> <!-- teardown -->
      </class> <!-- testCases.TC001_LoginVerification -->
    </test> <!-- Testchrome(failed) -->
    <test started-at="2024-04-11T12:37:24 IST" name="Testedge(failed)" finished-at="2024-04-11T12:38:43 IST" duration-ms="79114">
      <class name="testCases.TC002_ValidateUserDesignation">
        <test-method is-config="true" signature="setup(java.lang.String,java.lang.String)[pri:0, instance:testCases.TC002_ValidateUserDesignation@31190526]" started-at="2024-04-11T12:37:58 IST" name="setup" finished-at="2024-04-11T12:38:10 IST" duration-ms="11289" status="PASS">
          <params>
            <param index="0">
              <value>
                <![CDATA[Windows]]>
              </value>
            </param>
            <param index="1">
              <value>
                <![CDATA[edge]]>
              </value>
            </param>
          </params>
          <reporter-output>
          </reporter-output>
        </test-method> <!-- setup -->
        <test-method signature="updateProfile()[pri:0, instance:testCases.TC002_ValidateUserDesignation@31190526]" started-at="2024-04-11T12:38:10 IST" name="updateProfile" finished-at="2024-04-11T12:38:42 IST" duration-ms="32167" status="PASS">
          <reporter-output>
          </reporter-output>
        </test-method> <!-- updateProfile -->
        <test-method is-config="true" signature="teardown()[pri:0, instance:testCases.TC002_ValidateUserDesignation@31190526]" started-at="2024-04-11T12:38:42 IST" name="teardown" finished-at="2024-04-11T12:38:43 IST" duration-ms="1521" status="PASS">
          <reporter-output>
          </reporter-output>
        </test-method> <!-- teardown -->
      </class> <!-- testCases.TC002_ValidateUserDesignation -->
      <class name="testCases.TC001_LoginVerification">
        <test-method is-config="true" signature="setup(java.lang.String,java.lang.String)[pri:0, instance:testCases.TC001_LoginVerification@229f66ed]" started-at="2024-04-11T12:37:24 IST" name="setup" finished-at="2024-04-11T12:37:35 IST" duration-ms="10772" status="PASS">
          <params>
            <param index="0">
              <value>
                <![CDATA[Windows]]>
              </value>
            </param>
            <param index="1">
              <value>
                <![CDATA[edge]]>
              </value>
            </param>
          </params>
          <reporter-output>
          </reporter-output>
        </test-method> <!-- setup -->
        <test-method signature="login()[pri:0, instance:testCases.TC001_LoginVerification@229f66ed]" started-at="2024-04-11T12:37:35 IST" name="login" finished-at="2024-04-11T12:37:57 IST" duration-ms="21817" status="PASS">
          <reporter-output>
          </reporter-output>
        </test-method> <!-- login -->
        <test-method is-config="true" signature="teardown()[pri:0, instance:testCases.TC001_LoginVerification@229f66ed]" started-at="2024-04-11T12:37:57 IST" name="teardown" finished-at="2024-04-11T12:37:58 IST" duration-ms="1525" status="PASS">
          <reporter-output>
          </reporter-output>
        </test-method> <!-- teardown -->
      </class> <!-- testCases.TC001_LoginVerification -->
    </test> <!-- Testedge(failed) -->
  </suite> <!-- Failed suite [Suite] -->
</testng-results>
